#
# There is insufficient memory for the Java Runtime Environment to continue.
# Native memory allocation (mmap) failed to map 268435456 bytes for Failed to commit area from 0x0000000701400000 to 0x0000000711400000 of length 268435456.
# Possible reasons:
#   The system is out of physical RAM or swap space
#   The process is running with CompressedOops enabled, and the Java Heap may be blocking the growth of the native heap
# Possible solutions:
#   Reduce memory load on the system
#   Increase physical memory or swap space
#   Check if swap backing store is full
#   Decrease Java heap size (-Xmx/-Xms)
#   Decrease number of Java threads
#   Decrease Java thread stack sizes (-Xss)
#   Set larger code cache with -XX:ReservedCodeCacheSize=
# This output file may be truncated or incomplete.
#
#  Out of Memory Error (./src/hotspot/os/windows/os_windows.cpp:3303), pid=15768, tid=12688
#
# JRE version:  (11.0.8+10) (build )
# Java VM: OpenJDK 64-Bit Server VM (11.0.8+10-b944.34, mixed mode, sharing, tiered, compressed oops, g1 gc, windows-amd64)
# No core dump will be written. Minidumps are not enabled by default on client versions of Windows
#

---------------  S U M M A R Y ------------

Command Line: org.jetbrains.git4idea.http.GitAskPassApp Username for 'http://gitlab.banvien.com': 

Host: Intel(R) Core(TM) i5-4460  CPU @ 3.20GHz, 4 cores, 15G,  Windows 10 , 64 bit Build 19041 (10.0.19041.662)
Time: Thu Dec 24 15:56:02 2020 SE Asia Standard Time elapsed time: 0 seconds (0d 0h 0m 0s)

---------------  T H R E A D  ---------------

Current thread (0x0000025dd7a5c000):  JavaThread "Unknown thread" [_thread_in_vm, id=12688, stack(0x000000f452a00000,0x000000f452b00000)]

Stack: [0x000000f452a00000,0x000000f452b00000]
Native frames: (J=compiled Java code, j=interpreted, Vv=VM code, C=native code)
V  [jvm.dll+0x5de35a]
V  [jvm.dll+0x712355]
V  [jvm.dll+0x7138ad]
V  [jvm.dll+0x713f63]
V  [jvm.dll+0x23e628]
V  [jvm.dll+0x5db804]
V  [jvm.dll+0x5d0925]
V  [jvm.dll+0x2faf9b]
V  [jvm.dll+0x2faf0a]
V  [jvm.dll+0x2fade2]
V  [jvm.dll+0x2ffcb6]
V  [jvm.dll+0x3483a3]
V  [jvm.dll+0x348aa6]
V  [jvm.dll+0x3484a3]
V  [jvm.dll+0x2d5be8]
V  [jvm.dll+0x2d6d87]
V  [jvm.dll+0x6f10e7]
V  [jvm.dll+0x6f28dc]
V  [jvm.dll+0x3558f9]
V  [jvm.dll+0x6d492e]
V  [jvm.dll+0x3bdad3]
V  [jvm.dll+0x3bfd01]
C  [jli.dll+0x5373]
C  [ucrtbase.dll+0x214c2]
C  [KERNEL32.DLL+0x17034]
C  [ntdll.dll+0x4d0d1]


---------------  P R O C E S S  ---------------

Threads class SMR info:
_java_thread_list=0x0000025dd58c3170, length=0, elements={
}

Java Threads: ( => current thread )

Other Threads:
  0x0000025dd7a76800 GCTaskThread "GC Thread#0" [stack: 0x000000f452b00000,0x000000f452c00000] [id=12644]
  0x0000025dd7ad3800 ConcurrentGCThread "G1 Main Marker" [stack: 0x000000f452c00000,0x000000f452d00000] [id=6536]
  0x0000025dd7ad5800 ConcurrentGCThread "G1 Conc#0" [stack: 0x000000f452d00000,0x000000f452e00000] [id=7172]

[error occurred during error reporting (printing all threads), id 0xc0000005, EXCEPTION_ACCESS_VIOLATION (0xc0000005) at pc=0x00007ff94e9a60c7]

VM state:not at safepoint (not fully initialized)

VM Mutex/Monitor currently owned by a thread:  ([mutex/lock_event])
[0x0000025dd7a58f20] Heap_lock - owner thread: 0x0000025dd7a5c000

Heap address: 0x0000000701400000, size: 4076 MB, Compressed Oops mode: Non-zero based: 0x0000000701400000
Narrow klass base: 0x0000000000000000, Narrow klass shift: 0

GC Heap History (0 events):
No events

Deoptimization events (0 events):
No events

Classes redefined (0 events):
No events

Internal exceptions (0 events):
No events

Events (1 events):
Event: 0.009 Loaded shared library C:\Program Files\JetBrains\IntelliJ IDEA 2020.2.3\jbr\bin\zip.dll


Dynamic libraries:
0x00007ff63b610000 - 0x00007ff63b61a000 	C:\Program Files\JetBrains\IntelliJ IDEA 2020.2.3\jbr\bin\java.exe
0x00007ff9a87f0000 - 0x00007ff9a89e6000 	C:\Windows\SYSTEM32\ntdll.dll
0x00007ff9a76f0000 - 0x00007ff9a77ad000 	C:\Windows\System32\KERNEL32.DLL
0x00007ff9a5f30000 - 0x00007ff9a61f9000 	C:\Windows\System32\KERNELBASE.dll
0x00007ff9a6390000 - 0x00007ff9a6490000 	C:\Windows\System32\ucrtbase.dll
0x00007ff97fca0000 - 0x00007ff97fcb9000 	C:\Program Files\JetBrains\IntelliJ IDEA 2020.2.3\jbr\bin\jli.dll
0x00007ff9a69f0000 - 0x00007ff9a6b90000 	C:\Windows\System32\USER32.dll
0x00007ff97fc80000 - 0x00007ff97fc97000 	C:\Program Files\JetBrains\IntelliJ IDEA 2020.2.3\jbr\bin\VCRUNTIME140.dll
0x00007ff9a6200000 - 0x00007ff9a6222000 	C:\Windows\System32\win32u.dll
0x00007ff9a76c0000 - 0x00007ff9a76ea000 	C:\Windows\System32\GDI32.dll
0x00007ff9a6560000 - 0x00007ff9a6669000 	C:\Windows\System32\gdi32full.dll
0x00007ff9a6490000 - 0x00007ff9a652d000 	C:\Windows\System32\msvcp_win.dll
0x00007ff996920000 - 0x00007ff996bbb000 	C:\Windows\WinSxS\amd64_microsoft.windows.common-controls_6595b64144ccf1df_6.0.19041.488_none_ca04af081b815d21\COMCTL32.dll
0x00007ff9a8710000 - 0x00007ff9a87ae000 	C:\Windows\System32\msvcrt.dll
0x00007ff9a6ce0000 - 0x00007ff9a6d10000 	C:\Windows\System32\IMM32.DLL
0x00007ff9751f0000 - 0x00007ff97528d000 	C:\Program Files\JetBrains\IntelliJ IDEA 2020.2.3\jbr\bin\msvcp140.dll
0x00007ff94e6c0000 - 0x00007ff94f17d000 	C:\Program Files\JetBrains\IntelliJ IDEA 2020.2.3\jbr\bin\server\jvm.dll
0x00007ff9a7b50000 - 0x00007ff9a7bfc000 	C:\Windows\System32\ADVAPI32.dll
0x00007ff9a6d10000 - 0x00007ff9a6dac000 	C:\Windows\System32\sechost.dll
0x00007ff9a6bb0000 - 0x00007ff9a6cdb000 	C:\Windows\System32\RPCRT4.dll
0x00007ff9a8560000 - 0x00007ff9a8568000 	C:\Windows\System32\PSAPI.DLL
0x00007ff996d10000 - 0x00007ff996d19000 	C:\Windows\SYSTEM32\WSOCK32.dll
0x00007ff9a8690000 - 0x00007ff9a86fb000 	C:\Windows\System32\WS2_32.dll
0x00007ff999790000 - 0x00007ff9997b7000 	C:\Windows\SYSTEM32\WINMM.dll
0x00007ff997c50000 - 0x00007ff997c5a000 	C:\Windows\SYSTEM32\VERSION.dll
0x00007ff9a3ea0000 - 0x00007ff9a3eb2000 	C:\Windows\SYSTEM32\kernel.appcore.dll
0x00007ff95c8a0000 - 0x00007ff95c8b1000 	C:\Program Files\JetBrains\IntelliJ IDEA 2020.2.3\jbr\bin\verify.dll
0x00007ff997cb0000 - 0x00007ff997e94000 	C:\Windows\SYSTEM32\DBGHELP.DLL
0x00007ff997c60000 - 0x00007ff997c8c000 	C:\Windows\SYSTEM32\dbgcore.DLL
0x00007ff9a67d0000 - 0x00007ff9a6850000 	C:\Windows\System32\bcryptPrimitives.dll
0x00007ff95c870000 - 0x00007ff95c899000 	C:\Program Files\JetBrains\IntelliJ IDEA 2020.2.3\jbr\bin\java.dll
0x00007ff995860000 - 0x00007ff99586b000 	C:\Program Files\JetBrains\IntelliJ IDEA 2020.2.3\jbr\bin\jimage.dll
0x00007ff95c850000 - 0x00007ff95c868000 	C:\Program Files\JetBrains\IntelliJ IDEA 2020.2.3\jbr\bin\zip.dll

dbghelp: loaded successfully - version: 4.0.5 - missing functions: none
symbol engine: initialized successfully - sym options: 0x614 - pdb path: .;C:\Program Files\JetBrains\IntelliJ IDEA 2020.2.3\jbr\bin;C:\Windows\SYSTEM32;C:\Windows\WinSxS\amd64_microsoft.windows.common-controls_6595b64144ccf1df_6.0.19041.488_none_ca04af081b815d21;C:\Program Files\JetBrains\IntelliJ IDEA 2020.2.3\jbr\bin\server

VM Arguments:
java_command: org.jetbrains.git4idea.http.GitAskPassApp Username for 'http://gitlab.banvien.com': 
java_class_path (initial): C:/Program Files/JetBrains/IntelliJ IDEA 2020.2.3/plugins/git4idea/lib/git4idea-rt.jar;C:/Program Files/JetBrains/IntelliJ IDEA 2020.2.3/lib/xmlrpc-2.0.1.jar;C:/Program Files/JetBrains/IntelliJ IDEA 2020.2.3/lib/commons-codec-1.14.jar
Launcher Type: SUN_STANDARD

[Global flags]
     intx CICompilerCount                          = 3                                         {product} {ergonomic}
     uint ConcGCThreads                            = 1                                         {product} {ergonomic}
     uint G1ConcRefinementThreads                  = 4                                         {product} {ergonomic}
   size_t G1HeapRegionSize                         = 1048576                                   {product} {ergonomic}
    uintx GCDrainStackTargetSize                   = 64                                        {product} {ergonomic}
   size_t InitialHeapSize                          = 268435456                                 {product} {ergonomic}
   size_t MarkStackSize                            = 4194304                                   {product} {ergonomic}
   size_t MaxHeapSize                              = 4273995776                                {product} {ergonomic}
   size_t MinHeapDeltaBytes                        = 1048576                                   {product} {ergonomic}
    uintx NonNMethodCodeHeapSize                   = 5830732                                {pd product} {ergonomic}
    uintx NonProfiledCodeHeapSize                  = 122913754                              {pd product} {ergonomic}
    uintx ProfiledCodeHeapSize                     = 122913754                              {pd product} {ergonomic}
    uintx ReservedCodeCacheSize                    = 251658240                              {pd product} {ergonomic}
     bool SegmentedCodeCache                       = true                                      {product} {ergonomic}
     bool UseCompressedClassPointers               = true                                 {lp64_product} {ergonomic}
     bool UseCompressedOops                        = true                                 {lp64_product} {ergonomic}
     bool UseG1GC                                  = true                                      {product} {ergonomic}
     bool UseLargePagesIndividualAllocation        = false                                  {pd product} {ergonomic}

Logging:
Log output configuration:
 #0: stdout all=warning uptime,level,tags
 #1: stderr all=off uptime,level,tags

Environment Variables:
JAVA_HOME=C:\Program Files\Java\jdk1.7.0_79
PATH=C:\Program Files\Git\mingw64\libexec\git-core;C:\Program Files\Git\mingw64\libexec\git-core;C:\Program Files\Git\mingw64\bin;C:\Program Files\Git\usr\bin;C:\Users\anh.le-hoang\bin;C:\Program Files (x86)\NetSarang\Xshell 6;C:\Program Files (x86)\Common Files\Oracle\Java\javapath;C:\ProgramData\Oracle\Java\javapath;C:\Windows\system32;C:\Windows;C:\Windows\System32\Wbem;C:\Windows\System32\WindowsPowerShell\v1.0;C:\Windows\System32\OpenSSH;C:\Program Files\PuTTY;C:\Program Files\TortoiseSVN\bin;C:\Program Files\Git\cmd;C:\Program Files\PostgreSQL\9.6\bin;D:\nhuphong\apache-maven-3.6.3\bin;C:\Program Files\nodejs;C:\Users\anh.le-hoang\AppData\Local\Microsoft\WindowsApps;D:\fiddler;C:\Users\anh.le-hoang\AppData\Roaming\npm;D:\apache-maven-3.6.3;D:\apache-maven-3.6.3\bin;C:\Program Files\JetBrains\IntelliJ IDEA 2020.2.3\bin;C:\Program Files\Java\jdk1.7.0_79\bin
USERNAME=anh.le-hoang
DISPLAY=:0.0
LC_ALL=en_US.UTF-8
OS=Windows_NT
PROCESSOR_IDENTIFIER=Intel64 Family 6 Model 60 Stepping 3, GenuineIntel



---------------  S Y S T E M  ---------------

OS: Windows 10 , 64 bit Build 19041 (10.0.19041.662)
OS uptime: 2 days 23:28 hours

CPU:total 4 (initial active 4) (4 cores per cpu, 1 threads per core) family 6 model 60 stepping 3, cmov, cx8, fxsr, mmx, sse, sse2, sse3, ssse3, sse4.1, sse4.2, popcnt, avx, avx2, aes, clmul, erms, lzcnt, tsc, tscinvbit, bmi1, bmi2, fma

Memory: 4k page, system-wide physical 16300M (1174M free)
TotalPageFile size 29066M (AvailPageFile size 154M)
current process WorkingSet (physical memory assigned to process): 9M, peak: 9M
current process commit charge ("private bytes"): 51M, peak: 307M

vm_info: OpenJDK 64-Bit Server VM (11.0.8+10-b944.34) for windows-amd64 JRE (11.0.8+10-b944.34), built on Sep 11 2020 15:32:11 by "" with MS VC++ 14.0 (VS2015)

END.
